<?xml version="1.0" encoding="UTF-8"?>
<!-- Generated by org.testng.reporters.JUnitReportReporter -->
<testsuite hostname="DESKTOP-1JTRLRA" failures="0" tests="1" name="com.test.orangeFramework.Login" time="0.111" errors="0" timestamp="2023-09-01T14:52:01 IST" skipped="0">
  <testcase classname="com.test.orangeFramework.Login" name="login" time="0.111"/>
  <system-out/>
</testsuite> <!-- com.test.orangeFramework.Login -->
